01 / 1999
01 april 2006
01 august 2006
01 january 2003
01 january 2004
01 january 2008
01 july 2000
01 july 2013
01 june 2005
01 march 1999
01 march 2006
01 may 2013
01 october 2013
01 september 1999
01 september 2001
01 september 2003
01.02.2005
01.02.2011
01.03.2007
01.03.2012
01.04.2006
01.04.2010
01.04.2011
01.05.2001
01.06.2002
01.06.2012
01.07.2003
01.07.2011
01.08.2004
01.08.2006
01.09.2000
01.10.2005
01.10.2007
01.10.2009
01.10.2011
01.11.2011
01.1996
01.2001
01.2002
01.2005
01.2006
01.2008
01.2009
01.2013
01.2014
01/00
01/01/2011
01/01/2014
01/04/2005
01/05/2012
01/06
01/06/2006
01/07/2007
01/07/2010
01/07/2012
01/08/2013
01/09/2001
01/09/2009
01/09/2011
01/10
01/11
01/13
01/15
01/1984
01/1985
01/1992
01/1994
01/1999
01/2000
01/2001
01/2002
01/2003
01/2004
01/2005
01/2006
01/2007
01/2008
01/2009
01/2010
01/2011
01/2012
01/2013
01/2014
01/2015
02 / 1995
02. 2011
02.2001
02.2003
02.2007
02.2008
02.2011
02.2013
02/01/2002
02/06/2011
02/07
02/07/2011
02/09
02/10
02/11
02/12
02/13
02/1980
02/1988
02/1989
02/1991
02/1993
02/1999
02/2000
02/2001
02/2003
02/2004
02/2005
02/2006
02/2007
02/2008
02/2010
02/2011
02/2014
02/2015
02/28/2005
02/29/12
02/89
02/91
02/92
02/99
03 / 1998
03 / 2012
03.1999
03.2003
03.2004
03.2007
03.2008
03.2009
03.2011
03/00
03/01/2005
03/0303/04
03/05
03/06
03/07
03/07/2010
03/08
03/09
03/09/2012
03/13
03/14
03/1988
03/1995
03/1998
03/1999
03/2000
03/2001
03/2002
03/2003
03/2004
03/2005
03/2006
03/2007
03/2009
03/2010
03/2011
03/2012
03/2013
03/21/06
03/30/2012
03/86
03/95
03/99
03rd october 2013
04 / 1998
04. 2011
04. 2012
04.07.2011
04.09.2003
04.1998
04.2000
04.2001
04.2002
04.2004
04.2007
04.2009
04.2011
04.2012
04.2013
04/ 201204/1986
04/00
04/02
04/07/2008
04/08
04/11
04/13
04/1986
04/1993
04/1994
04/1995
04/1996
04/1999
04/2000
04/2001
04/2002
04/2004
04/2005
04/2006
04/2007
04/2008
04/2009
04/2010
04/2011
04/2012
04/2013
04/2014
04/21/09
04/28/2008
04/84
04/85
04/99
05 / 2007
05 february 2007
05. 2006
05.06.2003
05.07.2011
05.08.2011
05.10.2011
05.11.2009
05.1991
05.1996
05.1997
05.2001
05.2002
05.2003
05.200505.2007
05.2011
05.2013
05/ 2009
05/ 2011
05/00
05/01/2014
05/03
05/04
05/05
05/06
05/07
05/08
05/09
05/10
05/11
05/13
05/14
05/1992
05/1995
05/1996
05/1997
05/1998
05/1999
05/2002
05/2003
05/2004
05/2005
05/2007
05/2008
05/2009
05/2010
05/2011
05/2012
05/2013
05/2014
05/27/0806.06.2012
06.1996
06.1997
06.2001
06.2003
06.2004
06.2005
06.2006
06.2007
06.2013
06/00
06/02
06/04
06/05
06/06
06/07
06/08
06/09
06/13
06/14
06/1982
06/1986
06/1992
06/1994
06/1995
06/1997
06/2000
06/2001
06/2002
06/2003
06/2004
06/2006
06/2007
06/2008
06/2009
06/2010
06/2011
06/2012
06/2013
06/2014
06/84
06/97
06/99
07 / 1995
07 / 1996
07 / 2003
07 / 2007
07.1991
07.1993
07.1997
07.2000
07.2004
07.2005
07.2006
07.2009
07.2010
07/04
07/05
07/07
07/10
07/11
07/12
07/12/2009
07/1982
07/1984
07/1992
07/1993
07/1994
07/1995
07/1996
07/1997
07/2001
07/2002
07/2003
07/2005
07/2006
07/2007
07/2008
07/2009
07/2011
07/2013
07/23/2009
07/31/2000
08 / 2002
08 / 2007
08 / 2010
08 may 2008
08.1993
08.2000
08.2001
08.2005
08.2006
08.2008
08.2012
08.2013
08/ 2010
08/00
08/01/2000
08/02
08/03
08/05
08/06
08/07/2012
08/08
08/09
08/10
08/10/2012
08/12
08/14
08/1972
08/1978
08/1985
08/1990
08/1996
08/1997
08/2000
08/2001
08/2002
08/2004
08/2005
08/2006
08/2008
08/2009
08/2010
08/2011
08/2012
08/2013
08/2015
08/93
08/97
08/98
09 / 1990
09 / 1995
09 / 2002
09 / 2011
09. 2013
09.1987
09.1991
09.1992
09.1996
09.1997
09.2000
09.2002
09.2005
09.2006
09.2007
09.2008
09.2009
09.2012
09/ 1998
09/ 2004
09/00
09/02
09/04/2008
09/06
09/07
09/07/2012
09/08
09/09
09/10
09/12
09/13
09/14
09/1981
09/1984
09/1989
09/1990
09/1992
09/1993
09/1994
09/1995
09/1996
09/1997
09/1998
09/1999
09/2000
09/2001
09/2002
09/2003
09/2004
09/2005
09/200609/2007
09/2008
09/2009
09/2010
09/2011
09/2012
09/2013
09/2014
09/92
09/97
09/99
1 june 2014
1 march 2006
1. jan 1981
1.02.2002
1.07.2008
1.1993
1.2003
1.2006
1.2009
1/01
1/03
1/04
1/05
1/07
1/09
1/10
1/11
1/14
1/19/98
1/1997
1/2001
1/2002
1/2003
1/2004
1/2005
1/2006
1/2008
1/2009
1/2010
1/2011
1/2012
1/2013
1/2015
1/4/1993
1/77
1/87
1/90
1/91
1/95
1/96
1/97
1/98
10 / 1996
10 / 2004
10 / 2011
10 january 2008
10 january 2011
10. 2008
10.04.13
10.05.2012
10.10.2013
10.11.2011
10.1995
10.2000
10.2001
10.2002
10.2005
10.2007
10.2008
10.2009
10.2010
10/00
10/01
10/01/2006
10/02
10/02/2006
10/04
10/05
10/06
10/08
10/09
10/1/2005
10/10
10/11
10/13
10/14
10/1987
10/1989
10/1990
10/1994
10/1995
10/1996
10/1997
10/1998
10/1999
10/2000
10/2001
10/2002
10/2004
10/2005
10/2006
10/2007
10/2008
10/2009
10/2010
10/2011
10/2012
10/2013
10/2014
10/27/2014
10/4/2007
10/5/2007
10/86
10/87
10/89
10/90
10/93
10/94
10/96
10/97
10/98
10/99
10th august 2006
10th october 2009
11 / 2013
11.1999
11.2002
11.2004
11.2007
11.2008
11.2009
11.2011
11.2012
11/00
11/01
11/01/12
11/02
11/04
11/04/1996
11/05
11/07
11/07/2013
11/08
11/09
11/10
11/14
11/14/13
11/15/2006
11/1985
11/1987
11/1993
11/1996
11/1997
11/1999
11/2/2012
11/2000
11/2002
11/2003
11/2004
11/2005
11/2006
11/2007
11/2008
11/2009
11/2010
11/2011
11/2012
11/2013
11/9/2011
11/90
11/91
11/95
11/98
12 april 2007
12.11
12.2000
12.2001
12.2002
12.2005
12.2006
12.2007
12.2008
12.2010
12.2011
12.2012
12.2013
12/ 2008
12/ 2009
12/01
12/01/2004
12/02/2009
12/03
12/04
12/05
12/06
12/07
12/09
12/1/1998
12/10
12/11
12/12
12/12/2008
12/12/2014
12/13
12/14
12/14/12
12/15/2008
12/1996
12/1997
12/1998
12/1999
12/2001
12/2002
12/2003
12/2004
12/2005
12/2006
12/2007
12/2008
12/2009
12/2010
12/2011
12/2012
12/2013
12/2014
12/27/1996
12/29/1997
12/30/1996
12/31/2014
12/83
12/86
12/88
12/93
12/96
12/97
12/98
13
13.07.2010
13.10.2010
14.01.2013
14.02.2011
14.06.2002
14.06.2009
15 january 2013
15 september 2012
15.04.2013
15.07.2013
15.09.2003
15.09.2007
15.09.2008
15.09.2009
15.09.2012
15.10.2013
15/01/2012
15/01/2014
15/03/2008
15/06/1999
15/06/2012
15/07/2001
15/08/2010
15/08/2011
15/09/1995
15/09/1996
15/09/2003
15/09/2004
15/09/2008
15th feb, 2008
15th july 2012
16/02/2007
16/03/2005
17.08.2000
17/02/2007
17/08/2012
17th july 2013
18.11.2002
1889
19 9 5
19.04.2013
19/02/2011
1969
1972
1975
1976
1977
1978
1979
1980
1981
1982
1983
1984
1984-01
1985
1986
1986-01
1987
1988
1988-01
1989
1989-06
1990
1991
1991-01
1992
1992-01
1993
1994
1994-01
1994-10
1994/02
1995
1995, july
1995-01
1995-03
1996
1996-01
1996-06
1996/12
1997
1997-01
1997-04
1998
1998, jan.
1998-10
1998-12
1999
1999-01
1999-09
1st dec., 2008
2.2000
2.2005
2.2007
2/00
2/01
2/05
2/06
2/10
2/11
2/13
2/19/1999
2/1992
2/1995
2/1996
2/1998
2/20/13
2/2003
2/2004
2/2006
2/2007
2/2008
2/2009
2/2010
2/2011
2/2013
2/2015
2/22/1999
2/70
2/77
2/89
2/95
2/96
2/97
2/98
20 1 3
20 august 2009
20 october 2009
2000
2000-01
2000-03
2000-04
2000-05
2000-09
2001
2001-10
2002
2003
2003/10
2004
2004-01
2005
2005-01
2005-03
2005-08
2006
2006-01
2006-09
2006/09
2007
2007 – august
2007-01
2007-06
2007-08
2007-09
2008
2008-01
2008-08
2008-09
2008-11
2008-12
2009
2009-01
2009/5
2009/9
2010
2010-01
2010-08
2010-09
2010-11
2010-12
2010/04
2011
2011-01
2011-06
2011-08
2011/6
2012
2012-01
2012-02
2012-03
2012-04
2012-08
2012-11
2012/9
2013
2013-02
2013-06
2013-08
2013-12
2014
2014-01
2014-04
2014-11
2014-12
2015
2015-01
2015-02
2015-07
2016
21 2012
21.11.2013
22.05.2013
22/05/2010
23 feb 2007
23/10/2012
24.05.2008
24/05/2008
25 july 2002
25 november 2009
25.01.2014
25.05.2004
25.05.2005
25/01/2012
28 august 2006
28th may 2013
29.06.2007
29.07.2011
2nd jan 2012
3.01.2001
3/00
3/04
3/06
3/07
3/10
3/11
3/12
3/13
3/14
3/1993
3/1997
3/1998
3/1999
3/2000
3/2003
3/2006
3/2009
3/2010
3/2011
3/2012
3/2013
3/2014
3/70
3/88
3/93
3/98
3/99
30.06.2003
30.06.2011
30.09.2007
30.09.2009
30/06/2005
30/06/2009
30/12/2012
30th dec 2011
31 december 2011
31.01.2005
31.01.2007
31.03.2010
31.03.2011
31.05.2001
31.07.2006
31.12.2001
31/03/2005
31/05/2014
31/10/2013
3rd october 2012
4/04
4/04/02
4/08
4/09
4/10
4/11
4/19/04
4/1994
4/1999
4/20/2005
4/2000
4/2002
4/2003
4/2009
4/2011
4/2012
4/2013
4/2014
4/3/07
4/85
4/88
4/91
4/92
4/98
5.1996
5.2001
5/02
5/07
5/08
5/11
5/12
5/19/2006
5/1993
5/1999
5/2005
5/2006
5/2009
5/2012
5/2013
5/2014
5/22/13
5/23/2008
5/25/2012
5/26/2012
5/28/2011
5/31/2010
5/83
5/89
5/90
5/91
5/96
5/98
5/99
6.1996
6.2013
6/02
6/06
6/08
6/09
6/1/2005
6/10
6/12
6/13
6/1987
6/1995
6/1996
6/1998
6/1999
6/2000
6/2002
6/2004
6/2005
6/2010
6/2011
6/2012
6/2013
6/2014
6/2015
6/25/12
6/26/1998
6/27/05
6/28/07
6/6/1997
6/81
6/89
6/9/1997
6/90
6/96
6/98
6/99
7-2010
7.2006
7/01
7/02
7/04
7/09
7/09/04
7/10
7/12
7/13
7/1995
7/1998
7/2000
7/2001
7/2002
7/2004
7/2005
7/2006
7/2007
7/2008
7/2009
7/2011
7/2012
7/2013
7/2014
7/23/2010
7/24/2009
7/29/2005
7/4/2010
7/6/1998
7/84
7/91
7/93
7/94
7/95
7/96
7/98
8/00
8/01
8/03
8/04
8/06
8/09
8/10
8/12
8/12/2000
8/13
8/14
8/15/2005
8/15/2014
8/18/00
8/19/2013
8/2000
8/2001
8/2004
8/2006
8/2007
8/2008
8/2009
8/2010
8/2011
8/2013
8/2014
8/21/11
8/6/2000
8/89
8/93
8/94
8/96
8/98
8/99
9.2007
9/ 9/14
9/03
9/06
9/07
9/08/00
9/1/2008
9/10
9/12
9/13/2011
9/1983
9/1991
9/1995
9/1997
9/1998
9/2000
9/2002
9/2003
9/2004
9/2006
9/2007
9/2008
9/2009
9/2011
9/2013
9/2014
9/24/2014
9/28/2011
9/6/04
9/84
9/86
9/90
9/96
apr’ 08
apr’07
apr’09
apr’10
apr ‘10
apr '10
apr 13
apr 14
apr 1991
apr 1996
apr 1997
apr 1998
apr 1999
apr 2000
apr 2003
apr 2004
apr 2005
apr 2006
apr 2007
apr 2008
apr 2009
apr 2010
apr 2011
apr 2012
apr 2013
apr 2014
apr'10
apr'11
apr'14
apr. 09
apr. 1998
apr. 2002
apr. 2004
apr. 2006
apr. 2007
apr. 2009
apr., 2012
apr.05
april 2014
april ‘13
april ’00
april ’03
april ’96
april '14
april 01, 2002
april 01, 2005
april 01, 2006
april 07
april 1984
april 1987
april 1990
april 1992
april 1994
april 1995
april 1996
april 1997
april 1998
april 1999
april 2000
april 2001
april 2002
april 2003
april 2004april 2005
april 2006
april 2007
april 2008
april 2009
april 2010
april 2011
april 2012
april 2013
april 2014
april 2015
april 2016
april 86
april 88
april, 1981
april, 2002
april, 2005
april, 2006
april, 2007
april, 2008
april, 2009
april, 2014
aug’ 05
aug’ 14
aug’09
aug’11
aug’13
aug ‘00
aug ‘08
aug ‘10
aug ‘2009
aug ’2009
aug ’99
aug „04
aug '11
aug 01
aug 05
aug 06
aug 09
aug 10
aug 11
aug 12
aug 14
aug 1994
aug 1996
aug 1997
aug 2000
aug 2001
aug 2002
aug 2003
aug 2004
aug 2005
aug 2006
aug 2007
aug 2008
aug 2009
aug 2010
aug 2011
aug 2012
aug 2013
aug 2014
aug 93
aug 94
aug 98
aug. 04
aug. 06
aug. 1984
aug. 1986
aug. 1995
aug. 1997
aug. 2000
aug. 2004
aug. 2005
aug. 2006
aug. 2008
aug. 2009
aug. 2010
aug. 2011
aug. 2014
aug.03
aug/2009
aug/2010
aug/2011
aug2006
aug2013
augt 11
august 2012
august‘09
august’2007
august 00
august 13
august 1975
august 1979
august 1986
august 1989
august 1991
august 1992
august 1995
august 1996
august 1997
august 1998
august 1999
august 2000
august 2001
august 2002
august 2003
august 2004
august 2005
august 2006
august 2007
august 2008
august 2009
august 2010
august 2011
august 2012
august 2013
august 2014
august 21, 2007
august 96
august 99
august, 1994
august, 1997
august, 2004
august, 2005
august, 2008
august, 2009
dec’ 02
dec’ 12
dec’ 2012
dec’07
dec’12
dec’13
dec ‘2012
dec 05
dec 07
dec 08
dec 09
dec 11
dec 12
dec 13
dec 1980
dec 1992
dec 1994
dec 1996
dec 1997
dec 1999
dec 2001
dec 2002
dec 2003
dec 2004
dec 2005
dec 2006
dec 2007
dec 2008
dec 2009
dec 2010
dec 2011
dec 2012
dec 2013
dec 2014
dec 84
dec 91
dec 92
dec'09
dec, 2007
dec, 2012
dec. ‘96
dec. ’96
dec. 04
dec. 09
dec. 1999
dec. 2000
dec. 2004
dec. 2006
dec. 2011
dec. 2012
dec. 2013
dec. 92
dec. 96
dec., 2012
dec.08
dec.10
dec.2006
dec.2012
dec/2012
dec/2013
dec13
december’07
december ’08
december 19, 2009
december 1988
december 1992
december 1993
december 1995
december 1996
december 1997
december 1998
december 1999
december 2000
december 2001
december 2002
december 2003
december 2004
december 2005
december 2006
december 2007
december 2008
december 2009
december 2010
december 2011
december 2012
december 2013
december 2014
december 5th, 2003
december of 2009
december, 2002
december, 2005
december, 2007
december, 2013
december/1999
fall 1995
fall 1997
fall 1998
fall 2000
fall 2002
fall 2004
fall 2005
fall 2006
fall 2012
feb’ 06
feb’09
feb’12
feb’13
feb ‘2011
feb 05
feb 06
feb 07
feb 09
feb 10
feb 11
feb 12
feb 13
feb 1995
feb 1996
feb 1998
feb 1999
feb 2000
feb 2001
feb 2003
feb 2004
feb 2005
feb 2006
feb 2007
feb 2008
feb 2009
feb 2010
feb 2011
feb 2012
feb 2013
feb 2014
feb 81
feb, 2008
feb, 2011
feb, 2012
feb. 1988
feb. 1995
feb. 2001
feb. 2004
feb. 2005
feb. 2006
feb. 2008
feb. 2010
feb. 2012
feb. 2013
feb. 2014
feb.13
feb.2012
feb/15
feb/2012
feb2011
febr „08
februar 1993
february ’05
february ’10
february 05
february 1986
february 1987
february 1991
february 1995
february 1996
february 1997
february 1998
february 1999
february 2000
february 2001
february 2002
february 2003
february 2004
february 2005
february 2006
february 2007
february 2008
february 2009
february 2010
february 2011
february 2012
february 2013
february 2014
february 2015
february 98
february, 2006
february, 2007
february, 2009
february, 2011
february. 2006
february/2003
feburary’15
jan‘ 00
jan’09
jan’12
jan’14
jan ‘05
jan ’03
jan '08
jan 04
jan 06
jan 07
jan 09
jan 10
jan 12
jan 13
jan 14
jan 1995
jan 1997
jan 1999
jan 2001
jan 2002
jan 2003
jan 2004
jan 2005
jan 2006
jan 2007
jan 2008
jan 2009
jan 2010
jan 2011
jan 2012
jan 2013
jan 2014
jan 2015
jan 97
jan, 2008
jan, 2012
jan, 2013
jan-2010
jan. 1990
jan. 1998
jan. 2001
jan. 2003
jan. 2004
jan. 2005
jan. 2006
jan. 2007
jan. 2008
jan. 2009
jan. 2010
jan. 2012
jan. 91
jan. 95
jan.08
jan/2005
jan/2014
january 2008
january 2010
january 2012
january 2013
january ’05
january ’10
january 01, 2014
january 1, 2012
january 17, 2009
january 1980
january 1984
january 1986
january 1990
january 1991
january 1993
january 1994
january 1995
january 1996
january 1997
january 1998
january 1999
january 2000
january 2001
january 2002
january 2003
january 2004
january 2005
january 2006
january 2007
january 2008
january 2009
january 2010
january 2011
january 2012
january 2013
january 2014
january 2015
january 31st, 2012
january 98
january 9th 2015
january, 1986
january, 1987
january, 2001
january, 2003
january, 2006
january, 2007
january, 2009
january, 2010
january, 2012
jul’ 01
jul’ 04
jul’14
jul 02
jul 04
jul 05
jul 13
jul 1996
jul 1998
jul 1999
jul 2003
jul 2004
jul 2006
jul 2007
jul 2008
jul 2009
jul 2010
jul 2011
jul 2012
jul 2013
jul 96
jul-2010
jul. 07
jul. 08
jul. 09
jul. 2005
jul. 2008
jul. 2013
jul. 98
jul.04
jul.12
jul/2010
jul/2011
jul2013
july 2006
july’06
july’11
july ‘05
july ‘07
july ’98
july …10
july 08
july 1, 2008
july 14
july 14, 2009
july 1979
july 1981
july 1983
july 1988
july 1990
july 1993
july 1994
july 1995
july 1996
july 1997
july 1998
july 1999
july 2000
july 2001
july 2002
july 2003
july 2004
july 2005
july 2006
july 2007
july 2008
july 2009
july 2010
july 2011
july 2012
july 2013
july 2014
july 2nd, 2014
july 7th 2014
july 96
july 99
july, 2000
july, 2001
july, 2002
july, 2006
july, 2007
july, 2008
july, 2009
july, 2013
july-1989
july/1993
july/2006
july/2007
july10
july12
july1993
july2009
jun’ 12
jun’ 13
jun’06
jun’07
jun’08
jun’11
jun ‘01
jun ‘04
jun ‘07
jun 01
jun 06
jun 08
jun 10
jun 11
jun 12
jun 1981
jun 1988jun 1989
jun 1995
jun 1996
jun 1997
jun 1999
jun 2000
jun 2001
jun 2002
jun 2003
jun 2005
jun 2006
jun 2007
jun 2008
jun 2009
jun 2010
jun 2011
jun 2012
jun 2013
jun 2014
jun 80
jun 83
jun 85
jun 97
jun-2011
jun. 2005
jun. 2013
jun. 98jun.09
jun.11
june 2005
june 2011
june 2013
june’11
june ‘05
june ‘12
june ‘88
june ‘99
june ’84
june ’88
june ’99
june „01
june 02, 2007
june 07
june 10th, 2008
june 1986
june 1987
june 1988
june 1990
june 1991
june 1992
june 1993
june 1994
june 1995
june 1996
june 1997
june 1998
june 1999
june 2000
june 2001
june 2002
june 2003
june 2004
june 2005
june 2006
june 2007
june 2008
june 2009
june 2010
june 2011
june 2012
june 2013
june 2014
june 2015june 30, 2014
june 93
june 94
june of 2006
june, 1993
june, 1999
june, 2000
june, 2002
june, 2003
june, 2007
june, 2008
june, 2009
june, 2011
june, 2014
june/09
june/1986
june/1997
june/2006
june/2007
june1990
mai 1994
mar’ 08
mar’07
mar’10
mar’11
mar’13
mar ‘06
mar ’2006
mar ’2011
mar 08
mar 10
mar 11
mar 12
mar 14
mar 1995
mar 1996
mar 1997
mar 2000
mar 2001
mar 2003
mar 2004
mar 2005
mar 2006
mar 2007
mar 2008
mar 2009
mar 2010
mar 2011
mar 2012
mar 2013
mar 2014
mar 82
mar, 2012
mar. 1988
mar. 2001
mar. 2002
mar. 2004
mar. 2005
mar. 2006
mar. 2008
mar. 2013
mar2014
march’2006
march ‘96
march ’06
march …00
march '03
march 09
march 1, 2006
march 1987
march 1989
march 1991
march 1992
march 1993
march 1994
march 1995
march 1996
march 1997
march 1998
march 1999
march 2000
march 2001
march 2002
march 2003
march 2004
march 2005
march 2006
march 2007
march 2008
march 2009
march 2010
march 2011
march 2012
march 2013
march 2014
march 2015
march 21, 2014
march 22nd, 2014
march 6th 2014
march 86
march 88
march 94
march 96
march 9th, 2014
march, 2000
march, 2005
march, 2006
march, 2011
march, 2014
march/2003
mart 2013
may 2004
may 2005
may 2014
may’ 11
may’ 12
may’08
may’09
may’13
may’2010
may ‘13
may ‘14
may ’99
may '10
may 02
may 07
may 09
may 10, 2014
may 11
may 14
may 1981
may 1982
may 1983
may 1984
may 1985
may 1987
may 1989
may 1990
may 1991
may 1992
may 1994
may 1995
may 1996
may 1997
may 1998
may 1999
may 2000
may 2001
may 2002
may 2003
may 2004
may 2005
may 2006
may 2007
may 2008
may 2009
may 2010
may 2011
may 2012
may 2013
may 2014
may 2015
may 2016
may 80
may 83
may 94
may 96
may 97
may'10
may'11
may'14
may, 1982
may, 1998
may, 2000
may, 2001
may, 2002
may, 2006
may, 2008
may, 2010
may-2011
may. 2015
may1994
may2011
nov’07
nov’14
nov ’06
nov „02
nov 06
nov 08
nov 10
nov 11
nov 16th 2011
nov 1978
nov 1992
nov 1997
nov 1998
nov 1999
nov 2003nov 2004
nov 2005
nov 2006
nov 2007
nov 2008
nov 2009
nov 2010
nov 2011
nov 2012
nov 2013
nov 2014
nov 91
nov 95
nov'05
nov'06
nov'08
nov'12
nov, 2008
nov, 2009
nov, 2011
nov. 1997
nov. 2000
nov. 2003
nov. 2006
nov. 2007
nov. 2010
nov. 2013
novembe r „02
novembe r 2010
november 2013
november 2014
november 1993
november 1994
november 1995
november 1997
november 1998
november 1999
november 2000
november 2001
november 2002
november 2003
november 2004
november 2005
november 2006
november 2007
november 2008
november 2009
november 2010
november 2011
november 2012
november 2013
november 2014
november, 1997
november, 2001
november, 2005
november, 2010
november, 2013
november/1999\
oct’ 10
oct’09
oct’11
oct’13
oct ‘08
oct ‘13
oct „04
oct 00
oct 05
oct 06
oct 07
oct 09
oct 10
oct 11
oct 12
oct 13
oct 1988
oct 1993
oct 1994
oct 1995
oct 1996
oct 1997
oct 1998
oct 1999
oct 2000
oct 2003
oct 2004
oct 2005
oct 2006
oct 2007
oct 2008
oct 2009
oct 2010
oct 2011
oct 2012
oct 2013
oct 2014
oct 85
oct 88
oct 90
oct 92
oct 97
oct'06
oct'08
oct'12
oct, 2007
oct, 2008
oct, 2010
oct. 00
oct. 1991
oct. 1993
oct. 2000
oct. 2001
oct. 2002
oct. 2004
oct. 2005
oct. 2006
oct. 2007
oct. 2009
oct. 2012oct. 2014
oct., 2000
oct.. 1996
oct.04
oct/01
oct/09
oct/2012
oct10
october’13
october ’07
october ’10
october 1985
october 1986
october 1991
october 1992
october 1993
october 1994
october 1995
october 1996
october 1997
october 1998
october 1999
october 2000
october 2001
october 20010
october 2002
october 2003
october 2004
october 2005
october 2006
october 2007
october 2008
october 2009
october 2010
october 2011
october 2012
october 2013
october 2014
october 2015
october 4th, 2008
october 96
october 98
october, 2003
october, 2005
october, 2007
october, 2009
october, 2010
october, 2012
october, 2013
october, 2014
sep‘ 10
sep’ 05
sep’ 06
sep’ 07
sep’ 12
sep’11
sep’12
sep ’00
sep 00
sep 05
sep 07
sep 09
sep 11
sep 13
sep 1984
sep 1985
sep 1989
sep 1991sep 1995
sep 1998
sep 1999
sep 2000
sep 2002
sep 2003
sep 2004
sep 2005
sep 2006
sep 2007
sep 2008
sep 2009
sep 2010
sep 2011
sep 2012
sep 2013
sep 2014
sep 75
sep 98
sep'09
sep, 2004
sep. 1987
sep. 1995
sep. 2000
sep. 2001
sep. 2002
sep. 2004
sep. 2008
sep. 2014
sep., 2000
sep.2000
sep/2012
sept’13
sept ‘08
sept ’95
sept 1999
sept 2002
sept 2003
sept 2005
sept 2006
sept 2007
sept 2008
sept 2009
sept 2010
sept 2011
sept 2012
sept 2013
sept 2014
sept. 09
sept. 1990
sept. 1991
sept. 1996
sept. 2000
sept. 2001
sept. 2004
sept. 2005
sept. 2006
sept. 2007
sept. 2008
sept. 2009
sept. 2010
sept. 2012
sept. 2013
sept. 95
sept. 96
sept., 2001
sept.2010
sept/12
sept/2005
sept/2006
september 1997
september 2000
september 2013
september’12
september ’07
september …08
september …12
september 01
september 01, 2009
september 18, 2008
september 1983
september 1985
september 1986
september 1987
september 1988
september 1989
september 1990
september 1991
september 1992
september 1993
september 1994
september 1996
september 1997
september 1998
september 1999
september 1st, 2008
september 2000
september 2001
september 2002
september 2003
september 2004
september 2005
september 2006
september 2007
september 2008
september 2009
september 2010
september 2011
september 2012
september 2013
september 2014
september 95
september'14
september, 1995
september, 1996
september, 1997
september, 1999
september, 2001
september, 2003
september, 2004
september, 2008
september, 2010
september, 2013
september/2007